<?xml version="1.0" encoding="UTF-8"?>
<!-- Generated by org.testng.reporters.JUnitXMLReporter -->
<testsuite ignored="0" hostname="MacBook-Pro.local" failures="0" tests="3" name="Command line test" time="12.842" errors="0" timestamp="2021-12-18T13:13:40 IST">
  <testcase classname="com.framework.testcases.ExampleTest" name="SelectMenShirt" time="3.761"/>
  <testcase classname="com.framework.testcases.AjioTest" name="SelectMenShirt" time="2.82"/>
  <testcase classname="com.framework.testcases.RedBusTest" name="openRedbus" time="1.572"/>
</testsuite> <!-- Command line test -->
