<?xml version="1.0" encoding="UTF-8"?>
<testng-results ignored="0" total="3" passed="3" failed="0" skipped="0">
  <reporter-output>
  </reporter-output>
  <suite started-at="2021-12-18T13:13:28 IST" name="Command line suite" finished-at="2021-12-18T13:13:40 IST" duration-ms="12842">
    <groups>
    </groups>
    <test started-at="2021-12-18T13:13:28 IST" name="Command line test" finished-at="2021-12-18T13:13:40 IST" duration-ms="12842">
      <class name="com.framework.testcases.AjioTest">
        <test-method is-config="true" signature="start()[pri:0, instance:com.framework.testcases.AjioTest@5f71c76a]" started-at="2021-12-18T13:13:28 IST" name="start" finished-at="2021-12-18T13:13:30 IST" duration-ms="2251" status="PASS">
          <reporter-output>
          </reporter-output>
        </test-method> <!-- start -->
        <test-method signature="SelectMenShirt()[pri:0, instance:com.framework.testcases.AjioTest@5f71c76a]" started-at="2021-12-18T13:13:36 IST" name="SelectMenShirt" finished-at="2021-12-18T13:13:38 IST" duration-ms="2820" status="PASS">
          <reporter-output>
          </reporter-output>
        </test-method> <!-- SelectMenShirt -->
        <test-method is-config="true" signature="tearDown()[pri:0, instance:com.framework.testcases.AjioTest@5f71c76a]" started-at="2021-12-18T13:13:40 IST" name="tearDown" finished-at="2021-12-18T13:13:40 IST" duration-ms="116" status="PASS">
          <reporter-output>
          </reporter-output>
        </test-method> <!-- tearDown -->
      </class> <!-- com.framework.testcases.AjioTest -->
      <class name="com.framework.testcases.ExampleTest">
        <test-method is-config="true" signature="start()[pri:0, instance:com.framework.testcases.ExampleTest@3d0f8e03]" started-at="2021-12-18T13:13:30 IST" name="start" finished-at="2021-12-18T13:13:31 IST" duration-ms="1019" status="PASS">
          <reporter-output>
          </reporter-output>
        </test-method> <!-- start -->
        <test-method signature="SelectMenShirt()[pri:0, instance:com.framework.testcases.ExampleTest@3d0f8e03]" started-at="2021-12-18T13:13:32 IST" name="SelectMenShirt" finished-at="2021-12-18T13:13:36 IST" duration-ms="3761" status="PASS">
          <reporter-output>
          </reporter-output>
        </test-method> <!-- SelectMenShirt -->
        <test-method is-config="true" signature="tearDown()[pri:0, instance:com.framework.testcases.ExampleTest@3d0f8e03]" started-at="2021-12-18T13:13:40 IST" name="tearDown" finished-at="2021-12-18T13:13:40 IST" duration-ms="118" status="PASS">
          <reporter-output>
          </reporter-output>
        </test-method> <!-- tearDown -->
      </class> <!-- com.framework.testcases.ExampleTest -->
      <class name="com.framework.testcases.RedBusTest">
        <test-method is-config="true" signature="start()[pri:0, instance:com.framework.testcases.RedBusTest@1d7acb34]" started-at="2021-12-18T13:13:31 IST" name="start" finished-at="2021-12-18T13:13:32 IST" duration-ms="1013" status="PASS">
          <reporter-output>
          </reporter-output>
        </test-method> <!-- start -->
        <test-method signature="openRedbus()[pri:0, instance:com.framework.testcases.RedBusTest@1d7acb34]" started-at="2021-12-18T13:13:38 IST" name="openRedbus" finished-at="2021-12-18T13:13:40 IST" duration-ms="1572" status="PASS">
          <reporter-output>
          </reporter-output>
        </test-method> <!-- openRedbus -->
        <test-method is-config="true" signature="tearDown()[pri:0, instance:com.framework.testcases.RedBusTest@1d7acb34]" started-at="2021-12-18T13:13:40 IST" name="tearDown" finished-at="2021-12-18T13:13:40 IST" duration-ms="148" status="PASS">
          <reporter-output>
          </reporter-output>
        </test-method> <!-- tearDown -->
      </class> <!-- com.framework.testcases.RedBusTest -->
    </test> <!-- Command line test -->
  </suite> <!-- Command line suite -->
</testng-results>
